[0.000000] (-) TimerEvent: {}
[0.001024] (-) JobUnselected: {'identifier': 'esp32_bridge'}
[0.001214] (-) JobUnselected: {'identifier': 'esp_miniBot'}
[0.001311] (-) JobUnselected: {'identifier': 'web_joystick'}
[0.001391] (image_stream) JobQueued: {'identifier': 'image_stream', 'dependencies': OrderedDict()}
[0.001481] (image_stream) JobStarted: {'identifier': 'image_stream'}
[0.099634] (-) TimerEvent: {}
[0.200171] (-) TimerEvent: {}
[0.300679] (-) TimerEvent: {}
[0.401252] (-) TimerEvent: {}
[0.501845] (-) TimerEvent: {}
[0.602397] (-) TimerEvent: {}
[0.702964] (-) TimerEvent: {}
[0.803481] (-) TimerEvent: {}
[0.904174] (-) TimerEvent: {}
[1.004676] (-) TimerEvent: {}
[1.100087] (image_stream) StderrLine: {'line': b'Traceback (most recent call last):\n  File "/usr/lib/python3/dist-packages/colcon_parallel_executor/executor/parallel.py", line 75, in execute\n    loop.run_until_complete(future)\n  File "/usr/lib/python3.12/asyncio/base_events.py", line 674, in run_until_complete\n    self.run_forever()\n  File "/usr/lib/python3.12/asyncio/base_events.py", line 641, in run_forever\n    self._run_once()\n  File "/usr/lib/python3.12/asyncio/base_events.py", line 1949, in _run_once\n    event_list = self._selector.select(timeout)\n                 ^^^^^^^^^^^^^^^^^^^^^^^^^^^^^^\n  File "/usr/lib/python3.12/selectors.py", line 468, in select\n    fd_event_list = self._selector.poll(timeout, max_ev)\n                    ^^^^^^^^^^^^^^^^^^^^^^^^^^^^^^^^^^^^\nKeyboardInterrupt\n\nDuring handling of the above exception, another exception occurred:\n\nTraceback (most recent call last):\n  File "/usr/lib/python3/dist-packages/colcon_core/executor/__init__.py", line 91, in __call__\n    rc = await self.task(*args, **kwargs)\n         ^^^^^^^^^^^^^^^^^^^^^^^^^^^^^^^^\n  File "/usr/lib/python3/dist-packages/colcon_core/task/__init__.py", line 93, in __call__\n    return await task_method(*args, **kwargs)\n           ^^^^^^^^^^^^^^^^^^^^^^^^^^^^^^^^^^\n  File "/usr/lib/python3/dist-packages/colcon_ros/task/ament_python/build.py", line 102, in build\n    return await extension.build(additional_hooks=additional_hooks)\n           ^^^^^^^^^^^^^^^^^^^^^^^^^^^^^^^^^^^^^^^^^^^^^^^^^^^^^^^^\n  File "/usr/lib/python3/dist-packages/colcon_core/task/python/build.py", line 96, in build\n    available_commands = await self._get_available_commands(\n                         ^^^^^^^^^^^^^^^^^^^^^^^^^^^^^^^^^^^\n  File "/usr/lib/python3/dist-packages/colcon_core/task/python/build.py", line 194, in _get_available_commands\n    output = await check_output(\n             ^^^^^^^^^^^^^^^^^^^\n  File "/usr/lib/python3/dist-packages/colcon_core/subprocess.py", line 129, in check_output\n    assert not rc, f\'Expected {args} to pass: {stderr_data}\'\n           ^^^^^^\nAssertionError: Expected [\'/usr/bin/python3\', \'-W\', \'ignore:setup.py install is deprecated\', \'-W\', \'ignore:easy_install command is deprecated\', \'setup.py\', \'--help-commands\'] to pass: Traceback (most recent call last):\n  File "/mnt/ros2_ws/src/image_stream/setup.py", line 5, in <module>\n    setup(\n  File "/usr/lib/python3/dist-packages/setuptools/__init__.py", line 107, in setup\n    return distutils.core.setup(**attrs)\n           ^^^^^^^^^^^^^^^^^^^^^^^^^^^^^\n  File "/usr/lib/python3/dist-packages/setuptools/_distutils/core.py", line 172, in setup\n    ok = dist.parse_command_line()\n         ^^^^^^^^^^^^^^^^^^^^^^^^^\n  File "/usr/lib/python3/dist-packages/setuptools/_distutils/dist.py", line 472, in parse_command_line\n    if self.handle_display_options(option_order):\n       ^^^^^^^^^^^^^^^^^^^^^^^^^^^^^^^^^^^^^^^^^\n  File "/usr/lib/python3/dist-packages/setuptools/dist.py", line 1209, in handle_display_options\n    return _Distribution.handle_display_options(self, option_order)\n           ^^^^^^^^^^^^^^^^^^^^^^^^^^^^^^^^^^^^^^^^^^^^^^^^^^^^^^^^\n  File "/usr/lib/python3/dist-packages/setuptools/_distutils/dist.py", line 686, in handle_display_options\n    self.print_commands()\n  File "/usr/lib/python3/dist-packages/setuptools/dist.py", line 988, in print_commands\n    cmdclass = ep.load()\n               ^^^^^^^^^\n  File "/usr/lib/python3.12/importlib/metadata/__init__.py", line 205, in load\n    module = import_module(match.group(\'module\'))\n             ^^^^^^^^^^^^^^^^^^^^^^^^^^^^^^^^^^^^\n  File "/usr/lib/python3.12/importlib/__init__.py", line 90, in import_module\n    return _bootstrap._gcd_import(name[level:], package, level)\n           ^^^^^^^^^^^^^^^^^^^^^^^^^^^^^^^^^^^^^^^^^^^^^^^^^^^^\n  File "<frozen importlib._bootstrap>", line 1387, in _gcd_import\n  File "<frozen importlib._bootstrap>", line 1360, in _find_and_load\n  File "<frozen importlib._bootstrap>", line 1310, in _find_and_load_unlocked\n  File "<frozen importlib._bootstrap>", line 488, in _call_with_frames_removed\n  File "<frozen importlib._bootstrap>", line 1387, in _gcd_import\n  File "<frozen importlib._bootstrap>", line 1360, in _find_and_load\n  File "<frozen importlib._bootstrap>", line 1331, in _find_and_load_unlocked\n  File "<frozen importlib._bootstrap>", line 935, in _load_unlocked\n  File "<frozen importlib._bootstrap_external>", line 995, in exec_module\n  File "<frozen importlib._bootstrap>", line 488, in _call_with_frames_removed\n  File "/usr/lib/python3/dist-packages/babel/messages/__init__.py", line 11, in <module>\n    from babel.messages.catalog import *\n  File "/usr/lib/python3/dist-packages/babel/messages/catalog.py", line 22, in <module>\n    from babel.dates import format_datetime\n  File "/usr/lib/python3/dist-packages/babel/dates.py", line 21, in <module>\n    import pytz as _pytz\n  File "/usr/lib/python3/dist-packages/pytz/__init__.py", line 16, in <module>\n    import zoneinfo\n  File "/usr/lib/python3.12/zoneinfo/__init__.py", line 10, in <module>\n    from . import _tzpath\n  File "<frozen importlib._bootstrap>", line 1360, in _find_and_load\n  File "<frozen importlib._bootstrap>", line 1331, in _find_and_load_unlocked\n  File "<frozen importlib._bootstrap>", line 921, in _load_unlocked\n  File "<frozen importlib._bootstrap>", line 819, in module_from_spec\n  File "<frozen importlib._bootstrap>", line 798, in _init_module_attrs\n  File "<frozen importlib._bootstrap>", line 638, in cached\n  File "<frozen importlib._bootstrap_external>", line 614, in _get_cached\n  File "<frozen importlib._bootstrap_external>", line 549, in cache_from_source\n  File "<frozen importlib._bootstrap_external>", line 128, in _path_join\nKeyboardInterrupt\n\n'}
[1.102201] (image_stream) JobEnded: {'identifier': 'image_stream', 'rc': 'SIGINT'}
[1.104814] (-) TimerEvent: {}
[1.110553] (-) EventReactorShutdown: {}
