[0.000000] (-) TimerEvent: {}
[0.000613] (esp32_bridge) JobQueued: {'identifier': 'esp32_bridge', 'dependencies': OrderedDict()}
[0.000758] (esp_miniBot) JobQueued: {'identifier': 'esp_miniBot', 'dependencies': OrderedDict()}
[0.000850] (image_stream) JobQueued: {'identifier': 'image_stream', 'dependencies': OrderedDict()}
[0.000933] (web_joystick) JobQueued: {'identifier': 'web_joystick', 'dependencies': OrderedDict()}
[0.001014] (esp32_bridge) JobStarted: {'identifier': 'esp32_bridge'}
[0.012613] (esp_miniBot) JobStarted: {'identifier': 'esp_miniBot'}
[0.021439] (image_stream) JobStarted: {'identifier': 'image_stream'}
[0.029347] (web_joystick) JobStarted: {'identifier': 'web_joystick'}
[0.098966] (-) TimerEvent: {}
[0.199680] (-) TimerEvent: {}
[0.300334] (-) TimerEvent: {}
[0.400969] (-) TimerEvent: {}
[0.501761] (-) TimerEvent: {}
[0.602417] (-) TimerEvent: {}
[0.703086] (-) TimerEvent: {}
[0.803693] (-) TimerEvent: {}
[0.904251] (-) TimerEvent: {}
[1.004929] (-) TimerEvent: {}
[1.105626] (-) TimerEvent: {}
[1.206280] (-) TimerEvent: {}
[1.306953] (-) TimerEvent: {}
[1.407609] (-) TimerEvent: {}
[1.508313] (-) TimerEvent: {}
[1.609078] (-) TimerEvent: {}
[1.709695] (-) TimerEvent: {}
[1.810263] (-) TimerEvent: {}
[1.812404] (esp_miniBot) StderrLine: {'line': b'Traceback (most recent call last):\n  File "/usr/lib/python3/dist-packages/colcon_parallel_executor/executor/parallel.py", line 75, in execute\n    loop.run_until_complete(future)\n  File "/usr/lib/python3.12/asyncio/base_events.py", line 674, in run_until_complete\n    self.run_forever()\n  File "/usr/lib/python3.12/asyncio/base_events.py", line 641, in run_forever\n    self._run_once()\n  File "/usr/lib/python3.12/asyncio/base_events.py", line 1949, in _run_once\n    event_list = self._selector.select(timeout)\n                 ^^^^^^^^^^^^^^^^^^^^^^^^^^^^^^\n  File "/usr/lib/python3.12/selectors.py", line 468, in select\n    fd_event_list = self._selector.poll(timeout, max_ev)\n                    ^^^^^^^^^^^^^^^^^^^^^^^^^^^^^^^^^^^^\nKeyboardInterrupt\n\nDuring handling of the above exception, another exception occurred:\n\nTraceback (most recent call last):\n  File "/usr/lib/python3/dist-packages/colcon_core/executor/__init__.py", line 91, in __call__\n    rc = await self.task(*args, **kwargs)\n         ^^^^^^^^^^^^^^^^^^^^^^^^^^^^^^^^\n  File "/usr/lib/python3/dist-packages/colcon_core/task/__init__.py", line 93, in __call__\n    return await task_method(*args, **kwargs)\n           ^^^^^^^^^^^^^^^^^^^^^^^^^^^^^^^^^^\n  File "/usr/lib/python3/dist-packages/colcon_ros/task/ament_python/build.py", line 102, in build\n    return await extension.build(additional_hooks=additional_hooks)\n           ^^^^^^^^^^^^^^^^^^^^^^^^^^^^^^^^^^^^^^^^^^^^^^^^^^^^^^^^\n  File "/usr/lib/python3/dist-packages/colcon_core/task/python/build.py", line 96, in build\n    available_commands = await self._get_available_commands(\n                         ^^^^^^^^^^^^^^^^^^^^^^^^^^^^^^^^^^^\n  File "/usr/lib/python3/dist-packages/colcon_core/task/python/build.py", line 194, in _get_available_commands\n    output = await check_output(\n             ^^^^^^^^^^^^^^^^^^^\n  File "/usr/lib/python3/dist-packages/colcon_core/subprocess.py", line 129, in check_output\n    assert not rc, f\'Expected {args} to pass: {stderr_data}\'\n           ^^^^^^\nAssertionError: Expected [\'/usr/bin/python3\', \'-W\', \'ignore:setup.py install is deprecated\', \'-W\', \'ignore:easy_install command is deprecated\', \'setup.py\', \'--help-commands\'] to pass: Traceback (most recent call last):\n  File "/mnt/ros2_ws/src/esp_miniBot/setup.py", line 1, in <module>\n    from setuptools import find_packages, setup\n  File "/usr/lib/python3/dist-packages/setuptools/__init__.py", line 7, in <module>\n    import _distutils_hack.override  # noqa: F401\n    ^^^^^^^^^^^^^^^^^^^^^^^^^^^^^^^\n  File "/usr/lib/python3/dist-packages/_distutils_hack/override.py", line 1, in <module>\n    __import__(\'_distutils_hack\').do_override()\n  File "/usr/lib/python3/dist-packages/_distutils_hack/__init__.py", line 77, in do_override\n    ensure_local_distutils()\n  File "/usr/lib/python3/dist-packages/_distutils_hack/__init__.py", line 60, in ensure_local_distutils\n    importlib.import_module(\'distutils\')\n  File "/usr/lib/python3.12/importlib/__init__.py", line 90, in import_module\n    return _bootstrap._gcd_import(name[level:], package, level)\n           ^^^^^^^^^^^^^^^^^^^^^^^^^^^^^^^^^^^^^^^^^^^^^^^^^^^^\n  File "<frozen importlib._bootstrap>", line 1387, in _gcd_import\n  File "<frozen importlib._bootstrap>", line 1360, in _find_and_load\n  File "<frozen importlib._bootstrap>", line 1322, in _find_and_load_unlocked\n  File "<frozen importlib._bootstrap>", line 1262, in _find_spec\n  File "/usr/lib/python3/dist-packages/_distutils_hack/__init__.py", line 97, in find_spec\n    return method()\n           ^^^^^^^^\n  File "/usr/lib/python3/dist-packages/_distutils_hack/__init__.py", line 108, in spec_for_distutils\n    mod = importlib.import_module(\'setuptools._distutils\')\n          ^^^^^^^^^^^^^^^^^^^^^^^^^^^^^^^^^^^^^^^^^^^^^^^^\n  File "/usr/lib/python3.12/importlib/__init__.py", line 90, in import_module\n    return _bootstrap._gcd_import(name[level:], package, level)\n           ^^^^^^^^^^^^^^^^^^^^^^^^^^^^^^^^^^^^^^^^^^^^^^^^^^^^\n  File "/usr/lib/python3/dist-packages/setuptools/_distutils/__init__.py", line 12, in <module>\n    importlib.import_module(\'_distutils_system_mod\')\n  File "/usr/lib/python3.12/importlib/__init__.py", line 90, in import_module\n    return _bootstrap._gcd_import(name[level:], package, level)\n           ^^^^^^^^^^^^^^^^^^^^^^^^^^^^^^^^^^^^^^^^^^^^^^^^^^^^\n  File "/usr/lib/python3.12/_distutils_system_mod.py", line 15, in <module>\n    import distutils.command.install as orig_install\n  File "/usr/lib/python3/dist-packages/setuptools/_distutils/command/install.py", line 12, in <module>\n    from ..core import Command\n  File "/usr/lib/python3/dist-packages/setuptools/_distutils/core.py", line 22, in <module>\n    from .dist import Distribution\n  File "/usr/lib/python3/dist-packages/setuptools/_distutils/dist.py", line 26, in <module>\n    from .fancy_getopt import FancyGetopt, translate_longopt\n  File "/usr/lib/python3/dist-packages/setuptools/_distutils/fancy_getopt.py", line 14, in <module>\n    import getopt\nKeyboardInterrupt\n\n'}
[1.814063] (esp_miniBot) JobEnded: {'identifier': 'esp_miniBot', 'rc': 'SIGINT'}
[1.814520] (image_stream) JobEnded: {'identifier': 'image_stream', 'rc': 'SIGINT'}
[1.814904] (web_joystick) JobEnded: {'identifier': 'web_joystick', 'rc': 'SIGINT'}
[1.815238] (esp32_bridge) JobEnded: {'identifier': 'esp32_bridge', 'rc': 'SIGINT'}
[1.824425] (-) EventReactorShutdown: {}
